<?xml version="1.0" encoding="UTF-8"?>
<Site BuildName="(empty)"
	BuildStamp="20241107-1156-Experimental"
	Name="(empty)"
	Generator="ctest-3.31.0-rc3"
	CompilerName=""
	CompilerVersion=""
	OSName="Windows"
	Hostname="MI"
	OSRelease=" Professional"
	OSVersion=" (Build 22631)"
	OSPlatform="AMD64"
	Is64Bits="1"
	VendorString="AuthenticAMD"
	VendorID="Advanced Micro Devices"
	FamilyID="15"
	ModelID="4"
	ModelName="AMD Ryzen 9 7940H w/ Radeon 780M Graphics     "
	ProcessorCacheSize="64"
	NumberOfLogicalCPU="16"
	NumberOfPhysicalCPU="8"
	TotalVirtualMemory="42048"
	TotalPhysicalMemory="15585"
	LogicalProcessorsPerPhysical="2"
	ProcessorClockFrequency="3992"
	>
	<Testing>
		<StartDateTime>Nov 07 19:56 [NON-UTF-8-BYTE-0xD6]й[NON-UTF-8-BYTE-0xFA][NON-UTF-8-BYTE-0xB1][NON-UTF-8-BYTE-0xEA]׼ʱ[NON-UTF-8-BYTE-0xBC][NON-UTF-8-BYTE-0xE4]</StartDateTime>
		<StartTestTime>1730980586</StartTestTime>
		<TestList/>
		<EndDateTime>Nov 07 19:56 [NON-UTF-8-BYTE-0xD6]й[NON-UTF-8-BYTE-0xFA][NON-UTF-8-BYTE-0xB1][NON-UTF-8-BYTE-0xEA]׼ʱ[NON-UTF-8-BYTE-0xBC][NON-UTF-8-BYTE-0xE4]</EndDateTime>
		<EndTestTime>1730980586</EndTestTime>
		<ElapsedMinutes>0</ElapsedMinutes>
	</Testing>
</Site>
